<?xml version="1.0" encoding="UTF-8"?>
<!-- Generated by org.testng.reporters.JUnitReportReporter -->
<testsuite hostname="PSchandi-Surface" failures="0" tests="1" name="testCases.TC002_AccountLoginTest" time="3.252" errors="0" timestamp="2025-05-14T04:09:23 MST" skipped="0">
  <testcase classname="testCases.TC002_AccountLoginTest" name="verifyLogin" time="3.252"/>
</testsuite> <!-- testCases.TC002_AccountLoginTest -->
