<?xml version="1.0" encoding="UTF-8"?>
<!-- Generated by org.testng.reporters.JUnitReportReporter -->
<testsuite hostname="PSchandi-Surface" failures="0" tests="1" name="testCases.TC001_AccountRegistrationTest" time="0.017" errors="0" timestamp="2025-05-11T14:21:17 MST" skipped="0">
  <testcase classname="testCases.TC001_AccountRegistrationTest" name="verify_account_registration" time="0.017"/>
</testsuite> <!-- testCases.TC001_AccountRegistrationTest -->
