<?xml version="1.0" encoding="UTF-8"?>
<!-- Generated by org.testng.reporters.JUnitReportReporter -->
<testsuite hostname="PSchandi-Surface" failures="0" tests="1" name="testCases.TC001_AccountSignupTest" time="11.566" errors="0" timestamp="2025-05-14T14:32:16 MST" skipped="0">
  <testcase classname="testCases.TC001_AccountSignupTest" name="verify_account_signup" time="11.566"/>
</testsuite> <!-- testCases.TC001_AccountSignupTest -->
